Microsoft HTML Help Compiler 4.74.8702

Compiling c:\Program Files\Microsoft Visual Studio\VB98\Projects\vbBlog\Sources\vbXMLRPC\Current\HTMLHelp\vbXMLRPC.chm

HHC1000: Note: vbXMLRPCGettingStarted.htm : An empty HTML tag has been used.
HHC1000: Note: vbXMLRPCGettingStarted.htm : An empty HTML tag has been used.
HHC1000: Note: vbXMLRPCGettingStarted.htm : An empty HTML tag has been used.
HHC1000: Note: vbXMLRPCGettingStarted.htm : An empty HTML tag has been used.
HHC1000: Note: vbXMLRPCGettingStarted.htm : An empty HTML tag has been used.
HHC1000: Note: vbXMLRPCGettingStarted.htm : An empty HTML tag has been used.
HHC1000: Note: vbXMLRPCGettingStarted.htm : An empty HTML tag has been used.
HHC1000: Note: vbXMLRPCGettingStarted.htm : An empty HTML tag has been used.
HHC1000: Note: vbXMLRPCGettingStarted.htm : An empty HTML tag has been used.
HHC1000: Note: vbXMLRPCGettingStarted.htm : An empty HTML tag has been used.
HHC1000: Note: vbXMLRPCGettingStarted.htm : An empty HTML tag has been used.
HHC1000: Note: vbXMLRPCValue_Intro.htm : An empty HTML tag has been used.
HHC1000: Note: vbXMLRPCGettingStarted_Setup.htm : An empty HTML tag has been used.
HHC1000: Note: vbXMLRPCGettingStarted_Setup.htm : An empty HTML tag has been used.
HHC1000: Note: vbXMLRPCGettingStarted_Setup.htm : An empty HTML tag has been used.
HHC1000: Note: vbXMLRPCGettingStarted_Setup.htm : An empty HTML tag has been used.
HHC1000: Note: vbXMLRPCGettingStarted_Setup.htm : An empty HTML tag has been used.
HHC1000: Note: vbXMLRPCGettingStarted_Setup.htm : An empty HTML tag has been used.
HHC1000: Note: vbXMLRPCGettingStarted_Setup.htm : An empty HTML tag has been used.
HHC1000: Note: vbXMLRPCGettingStarted_Setup.htm : An empty HTML tag has been used.
HHC1000: Note: vbXMLRPCGettingStarted_Setup.htm : An empty HTML tag has been used.
HHC1000: Note: vbXMLRPCGettingStarted_Setup.htm : An empty HTML tag has been used.
HHC1000: Note: vbXMLRPCGettingStarted_Setup.htm : An empty HTML tag has been used.

Compile time: 0 minutes, 9 seconds
117	Topics
794	Local links
36	Internet links
19	Graphics


Created c:\Program Files\Microsoft Visual Studio\VB98\Projects\vbBlog\Sources\vbXMLRPC\Current\HTMLHelp\vbXMLRPC.chm, 95,884 bytes
Compression decreased file by 191,114 bytes.
